# JRE version: OpenJDK Runtime Environment (17.0.7) (build 17.0.7+0-b2043.56-10550314)
# Java VM: OpenJDK 64-Bit Server VM (17.0.7+0-b2043.56-10550314, mixed mode, tiered, compressed oops, compressed class ptrs, g1 gc, windows-amd64)
GC Precious Log:
 CPUs: 4 total, 4 available
 Memory: 8055M
 Large Page Support: Disabled
 NUMA Support: Disabled
 Compressed Oops: Enabled (32-bit)
 Heap Region Size: 1M
 Heap Min Capacity: 8M
 Heap Initial Capacity: 126M
 Heap Max Capacity: 2G
 Pre-touch: Disabled
 Parallel Workers: 4
 Concurrent Workers: 1
 Concurrent Refinement Workers: 4
 Periodic GC: Disabled
Heap:
 garbage-first heap   total 398336K, used 201540K [0x0000000080000000, 0x0000000100000000)
  region size 1024K, 21 young (21504K), 11 survivors (11264K)
 Metaspace       used 130030K, committed 131200K, reserved 1179648K
  class space    used 17040K, committed 17600K, reserved 1048576K
GC Heap History (20 events):
Event: 179.604 GC heap before
{Heap before GC invocations=73 (full 0):
 garbage-first heap   total 241664K, used 205824K [0x0000000080000000, 0x0000000100000000)
  region size 1024K, 51 young (52224K), 7 survivors (7168K)
 Metaspace       used 126111K, committed 127104K, reserved 1179648K
  class space    used 16630K, committed 17088K, reserved 1048576K
}
Event: 179.626 GC heap after
{Heap after GC invocations=74 (full 0):
 garbage-first heap   total 241664K, used 166844K [0x0000000080000000, 0x0000000100000000)
  region size 1024K, 6 young (6144K), 6 survivors (6144K)
 Metaspace       used 126111K, committed 127104K, reserved 1179648K
  class space    used 16630K, committed 17088K, reserved 1048576K
}
Event: 870.683 GC heap before
{Heap before GC invocations=74 (full 0):
 garbage-first heap   total 241664K, used 203708K [0x0000000080000000, 0x0000000100000000)
  region size 1024K, 43 young (44032K), 6 survivors (6144K)
 Metaspace       used 126421K, committed 127424K, reserved 1179648K
  class space    used 16633K, committed 17088K, reserved 1048576K
}
Event: 870.769 GC heap after
{Heap after GC invocations=75 (full 0):
 garbage-first heap   total 241664K, used 168765K [0x0000000080000000, 0x0000000100000000)
  region size 1024K, 3 young (3072K), 3 survivors (3072K)
 Metaspace       used 126421K, committed 127424K, reserved 1179648K
  class space    used 16633K, committed 17088K, reserved 1048576K
}
Event: 876.885 GC heap before
{Heap before GC invocations=75 (full 0):
 garbage-first heap   total 241664K, used 204605K [0x0000000080000000, 0x0000000100000000)
  region size 1024K, 39 young (39936K), 3 survivors (3072K)
 Metaspace       used 126670K, committed 127680K, reserved 1179648K
  class space    used 16649K, committed 17152K, reserved 1048576K
}
Event: 876.944 GC heap after
{Heap after GC invocations=76 (full 0):
 garbage-first heap   total 241664K, used 173320K [0x0000000080000000, 0x0000000100000000)
  region size 1024K, 5 young (5120K), 5 survivors (5120K)
 Metaspace       used 126670K, committed 127680K, reserved 1179648K
  class space    used 16649K, committed 17152K, reserved 1048576K
}
Event: 878.871 GC heap before
{Heap before GC invocations=76 (full 0):
 garbage-first heap   total 241664K, used 205064K [0x0000000080000000, 0x0000000100000000)
  region size 1024K, 37 young (37888K), 5 survivors (5120K)
 Metaspace       used 126877K, committed 127936K, reserved 1179648K
  class space    used 16654K, committed 17152K, reserved 1048576K
}
Event: 878.926 GC heap after
{Heap after GC invocations=77 (full 0):
 garbage-first heap   total 241664K, used 177710K [0x0000000080000000, 0x0000000100000000)
  region size 1024K, 5 young (5120K), 5 survivors (5120K)
 Metaspace       used 126877K, committed 127936K, reserved 1179648K
  class space    used 16654K, committed 17152K, reserved 1048576K
}
Event: 883.913 GC heap before
{Heap before GC invocations=77 (full 0):
 garbage-first heap   total 241664K, used 206382K [0x0000000080000000, 0x0000000100000000)
  region size 1024K, 33 young (33792K), 5 survivors (5120K)
 Metaspace       used 127028K, committed 128064K, reserved 1179648K
  class space    used 16657K, committed 17152K, reserved 1048576K
}
Event: 883.933 GC heap after
{Heap after GC invocations=78 (full 0):
 garbage-first heap   total 241664K, used 180239K [0x0000000080000000, 0x0000000100000000)
  region size 1024K, 3 young (3072K), 3 survivors (3072K)
 Metaspace       used 127028K, committed 128064K, reserved 1179648K
  class space    used 16657K, committed 17152K, reserved 1048576K
}
Event: 884.185 GC heap before
{Heap before GC invocations=78 (full 0):
 garbage-first heap   total 241664K, used 207887K [0x0000000080000000, 0x0000000100000000)
  region size 1024K, 30 young (30720K), 3 survivors (3072K)
 Metaspace       used 127034K, committed 128064K, reserved 1179648K
  class space    used 16657K, committed 17152K, reserved 1048576K
}
Event: 884.225 GC heap after
{Heap after GC invocations=79 (full 0):
 garbage-first heap   total 241664K, used 181738K [0x0000000080000000, 0x0000000100000000)
  region size 1024K, 2 young (2048K), 2 survivors (2048K)
 Metaspace       used 127034K, committed 128064K, reserved 1179648K
  class space    used 16657K, committed 17152K, reserved 1048576K
}
Event: 884.553 GC heap before
{Heap before GC invocations=79 (full 0):
 garbage-first heap   total 241664K, used 208362K [0x0000000080000000, 0x0000000100000000)
  region size 1024K, 28 young (28672K), 2 survivors (2048K)
 Metaspace       used 127086K, committed 128128K, reserved 1179648K
  class space    used 16657K, committed 17152K, reserved 1048576K
}
Event: 884.560 GC heap after
{Heap after GC invocations=80 (full 0):
 garbage-first heap   total 241664K, used 183140K [0x0000000080000000, 0x0000000100000000)
  region size 1024K, 4 young (4096K), 4 survivors (4096K)
 Metaspace       used 127086K, committed 128128K, reserved 1179648K
  class space    used 16657K, committed 17152K, reserved 1048576K
}
Event: 884.739 GC heap before
{Heap before GC invocations=80 (full 0):
 garbage-first heap   total 241664K, used 208740K [0x0000000080000000, 0x0000000100000000)
  region size 1024K, 29 young (29696K), 4 survivors (4096K)
 Metaspace       used 127088K, committed 128128K, reserved 1179648K
  class space    used 16658K, committed 17152K, reserved 1048576K
}
Event: 884.756 GC heap after
{Heap after GC invocations=81 (full 0):
 garbage-first heap   total 241664K, used 184585K [0x0000000080000000, 0x0000000100000000)
  region size 1024K, 3 young (3072K), 3 survivors (3072K)
 Metaspace       used 127088K, committed 128128K, reserved 1179648K
  class space    used 16658K, committed 17152K, reserved 1048576K
}
Event: 884.958 GC heap before
{Heap before GC invocations=81 (full 0):
 garbage-first heap   total 241664K, used 209161K [0x0000000080000000, 0x0000000100000000)
  region size 1024K, 28 young (28672K), 3 survivors (3072K)
 Metaspace       used 127123K, committed 128128K, reserved 1179648K
  class space    used 16658K, committed 17152K, reserved 1048576K
}
Event: 884.997 GC heap after
{Heap after GC invocations=82 (full 0):
 garbage-first heap   total 398336K, used 186562K [0x0000000080000000, 0x0000000100000000)
  region size 1024K, 4 young (4096K), 4 survivors (4096K)
 Metaspace       used 127123K, committed 128128K, reserved 1179648K
  class space    used 16658K, committed 17152K, reserved 1048576K
}
Event: 890.683 GC heap before
{Heap before GC invocations=82 (full 0):
 garbage-first heap   total 398336K, used 281794K [0x0000000080000000, 0x0000000100000000)
  region size 1024K, 96 young (98304K), 4 survivors (4096K)
 Metaspace       used 129544K, committed 130560K, reserved 1179648K
  class space    used 16987K, committed 17472K, reserved 1048576K
}
Event: 890.845 GC heap after
{Heap after GC invocations=83 (full 0):
 garbage-first heap   total 398336K, used 195396K [0x0000000080000000, 0x0000000100000000)
  region size 1024K, 11 young (11264K), 11 survivors (11264K)
 Metaspace       used 129544K, committed 130560K, reserved 1179648K
  class space    used 16987K, committed 17472K, reserved 1048576K
}

