# JRE version: OpenJDK Runtime Environment (17.0.7) (build 17.0.7+0-b2043.56-10550314)
# Java VM: OpenJDK 64-Bit Server VM (17.0.7+0-b2043.56-10550314, mixed mode, tiered, compressed oops, compressed class ptrs, g1 gc, windows-amd64)
GC Precious Log:
 CPUs: 4 total, 4 available
 Memory: 8055M
 Large Page Support: Disabled
 NUMA Support: Disabled
 Compressed Oops: Enabled (32-bit)
 Heap Region Size: 1M
 Heap Min Capacity: 8M
 Heap Initial Capacity: 126M
 Heap Max Capacity: 2G
 Pre-touch: Disabled
 Parallel Workers: 4
 Concurrent Workers: 1
 Concurrent Refinement Workers: 4
 Periodic GC: Disabled
Heap:
 garbage-first heap   total 269312K, used 229760K [0x0000000080000000, 0x0000000100000000)
  region size 1024K, 106 young (108544K), 8 survivors (8192K)
 Metaspace       used 114147K, committed 115072K, reserved 1179648K
  class space    used 15367K, committed 15808K, reserved 1048576K
GC Heap History (20 events):
Event: 108.820 GC heap after
{Heap after GC invocations=73 (full 0):
 garbage-first heap   total 269312K, used 109948K [0x0000000080000000, 0x0000000100000000)
  region size 1024K, 7 young (7168K), 7 survivors (7168K)
 Metaspace       used 101728K, committed 102528K, reserved 1179648K
  class space    used 13697K, committed 14080K, reserved 1048576K
}
Event: 111.305 GC heap before
{Heap before GC invocations=73 (full 0):
 garbage-first heap   total 269312K, used 216444K [0x0000000080000000, 0x0000000100000000)
  region size 1024K, 112 young (114688K), 7 survivors (7168K)
 Metaspace       used 102111K, committed 102912K, reserved 1179648K
  class space    used 13731K, committed 14080K, reserved 1048576K
}
Event: 111.321 GC heap after
{Heap after GC invocations=74 (full 0):
 garbage-first heap   total 269312K, used 113026K [0x0000000080000000, 0x0000000100000000)
  region size 1024K, 10 young (10240K), 10 survivors (10240K)
 Metaspace       used 102111K, committed 102912K, reserved 1179648K
  class space    used 13731K, committed 14080K, reserved 1048576K
}
Event: 113.559 GC heap before
{Heap before GC invocations=74 (full 0):
 garbage-first heap   total 269312K, used 219522K [0x0000000080000000, 0x0000000100000000)
  region size 1024K, 115 young (117760K), 10 survivors (10240K)
 Metaspace       used 102168K, committed 102976K, reserved 1179648K
  class space    used 13734K, committed 14080K, reserved 1048576K
}
Event: 113.578 GC heap after
{Heap after GC invocations=75 (full 0):
 garbage-first heap   total 269312K, used 115887K [0x0000000080000000, 0x0000000100000000)
  region size 1024K, 9 young (9216K), 9 survivors (9216K)
 Metaspace       used 102168K, committed 102976K, reserved 1179648K
  class space    used 13734K, committed 14080K, reserved 1048576K
}
Event: 116.661 GC heap before
{Heap before GC invocations=75 (full 0):
 garbage-first heap   total 269312K, used 222383K [0x0000000080000000, 0x0000000100000000)
  region size 1024K, 114 young (116736K), 9 survivors (9216K)
 Metaspace       used 104298K, committed 105152K, reserved 1179648K
  class space    used 13976K, committed 14336K, reserved 1048576K
}
Event: 116.678 GC heap after
{Heap after GC invocations=76 (full 0):
 garbage-first heap   total 269312K, used 118784K [0x0000000080000000, 0x0000000100000000)
  region size 1024K, 9 young (9216K), 9 survivors (9216K)
 Metaspace       used 104298K, committed 105152K, reserved 1179648K
  class space    used 13976K, committed 14336K, reserved 1048576K
}
Event: 119.405 GC heap before
{Heap before GC invocations=76 (full 0):
 garbage-first heap   total 269312K, used 225280K [0x0000000080000000, 0x0000000100000000)
  region size 1024K, 114 young (116736K), 9 survivors (9216K)
 Metaspace       used 105989K, committed 106880K, reserved 1179648K
  class space    used 14210K, committed 14656K, reserved 1048576K
}
Event: 119.424 GC heap after
{Heap after GC invocations=77 (full 0):
 garbage-first heap   total 269312K, used 121162K [0x0000000080000000, 0x0000000100000000)
  region size 1024K, 9 young (9216K), 9 survivors (9216K)
 Metaspace       used 105989K, committed 106880K, reserved 1179648K
  class space    used 14210K, committed 14656K, reserved 1048576K
}
Event: 122.545 GC heap before
{Heap before GC invocations=77 (full 0):
 garbage-first heap   total 269312K, used 225610K [0x0000000080000000, 0x0000000100000000)
  region size 1024K, 112 young (114688K), 9 survivors (9216K)
 Metaspace       used 106074K, committed 106944K, reserved 1179648K
  class space    used 14219K, committed 14656K, reserved 1048576K
}
Event: 122.566 GC heap after
{Heap after GC invocations=78 (full 0):
 garbage-first heap   total 269312K, used 125599K [0x0000000080000000, 0x0000000100000000)
  region size 1024K, 10 young (10240K), 10 survivors (10240K)
 Metaspace       used 106074K, committed 106944K, reserved 1179648K
  class space    used 14219K, committed 14656K, reserved 1048576K
}
Event: 125.541 GC heap before
{Heap before GC invocations=78 (full 0):
 garbage-first heap   total 269312K, used 224927K [0x0000000080000000, 0x0000000100000000)
  region size 1024K, 108 young (110592K), 10 survivors (10240K)
 Metaspace       used 106754K, committed 107584K, reserved 1179648K
  class space    used 14316K, committed 14720K, reserved 1048576K
}
Event: 125.559 GC heap after
{Heap after GC invocations=79 (full 0):
 garbage-first heap   total 269312K, used 127138K [0x0000000080000000, 0x0000000100000000)
  region size 1024K, 7 young (7168K), 7 survivors (7168K)
 Metaspace       used 106754K, committed 107584K, reserved 1179648K
  class space    used 14316K, committed 14720K, reserved 1048576K
}
Event: 127.677 GC heap before
{Heap before GC invocations=79 (full 0):
 garbage-first heap   total 269312K, used 226466K [0x0000000080000000, 0x0000000100000000)
  region size 1024K, 105 young (107520K), 7 survivors (7168K)
 Metaspace       used 107064K, committed 107840K, reserved 1179648K
  class space    used 14349K, committed 14720K, reserved 1048576K
}
Event: 127.691 GC heap after
{Heap after GC invocations=80 (full 0):
 garbage-first heap   total 269312K, used 129264K [0x0000000080000000, 0x0000000100000000)
  region size 1024K, 9 young (9216K), 9 survivors (9216K)
 Metaspace       used 107064K, committed 107840K, reserved 1179648K
  class space    used 14349K, committed 14720K, reserved 1048576K
}
Event: 129.584 GC heap before
{Heap before GC invocations=80 (full 0):
 garbage-first heap   total 269312K, used 227568K [0x0000000080000000, 0x0000000100000000)
  region size 1024K, 106 young (108544K), 9 survivors (9216K)
 Metaspace       used 107127K, committed 107968K, reserved 1179648K
  class space    used 14360K, committed 14784K, reserved 1048576K
}
Event: 129.597 GC heap after
{Heap after GC invocations=81 (full 0):
 garbage-first heap   total 269312K, used 129265K [0x0000000080000000, 0x0000000100000000)
  region size 1024K, 5 young (5120K), 5 survivors (5120K)
 Metaspace       used 107127K, committed 107968K, reserved 1179648K
  class space    used 14360K, committed 14784K, reserved 1048576K
}
Event: 133.463 GC heap before
{Heap before GC invocations=81 (full 0):
 garbage-first heap   total 269312K, used 228593K [0x0000000080000000, 0x0000000100000000)
  region size 1024K, 103 young (105472K), 5 survivors (5120K)
 Metaspace       used 109738K, committed 110656K, reserved 1179648K
  class space    used 14746K, committed 15168K, reserved 1048576K
}
Event: 133.474 GC heap after
{Heap after GC invocations=82 (full 0):
 garbage-first heap   total 269312K, used 129530K [0x0000000080000000, 0x0000000100000000)
  region size 1024K, 6 young (6144K), 6 survivors (6144K)
 Metaspace       used 109738K, committed 110656K, reserved 1179648K
  class space    used 14746K, committed 15168K, reserved 1048576K
}
Event: 135.729 GC heap before
{Heap before GC invocations=82 (full 0):
 garbage-first heap   total 269312K, used 228858K [0x0000000080000000, 0x0000000100000000)
  region size 1024K, 104 young (106496K), 6 survivors (6144K)
 Metaspace       used 114147K, committed 115072K, reserved 1179648K
  class space    used 15367K, committed 15808K, reserved 1048576K
}

